[04Oct2025 00:00:00.151] [Server thread/WARN] [net.minecraft.server.network.ServerGamePacketListenerImpl/]: Ice Dragon (vehicle of C0LIGAMES) moved too quickly! 10.117559852207364,0.0,1.9717674681782
[04Oct2025 00:00:00.225] [Server thread/WARN] [net.minecraft.server.network.ServerGamePacketListenerImpl/]: Ice Dragon (vehicle of C0LIGAMES) moved too quickly! 10.119226387189542,0.0,1.9635928325464533
[04Oct2025 00:00:00.274] [Server thread/WARN] [net.minecraft.server.network.ServerGamePacketListenerImpl/]: Ice Dragon (vehicle of C0LIGAMES) moved too quickly! 15.179918953519064,0.0,2.940094743207169
[04Oct2025 00:00:01.043] [Server thread/WARN] [net.minecraft.server.network.ServerGamePacketListenerImpl/]: Ice Dragon (vehicle of C0LIGAMES) moved too quickly! 10.134052156280404,0.0,1.889118921142881
[04Oct2025 00:00:01.110] [Server thread/WARN] [net.minecraft.server.network.ServerGamePacketListenerImpl/]: Ice Dragon (vehicle of C0LIGAMES) moved too quickly! 10.134350039861147,0.0,1.8876012465755139
[04Oct2025 00:00:01.148] [Server thread/WARN] [net.minecraft.server.network.ServerGamePacketListenerImpl/]: Ice Dragon (vehicle of C0LIGAMES) moved too quickly! 15.20171799148443,0.0,2.8304189102701116
[04Oct2025 00:00:01.367] [Server thread/WARN] [net.minecraft.server.network.ServerGamePacketListenerImpl/]: Ice Dragon (vehicle of C0LIGAMES) moved too quickly! 10.134198073880157,0.0,1.8885559905513674
[04Oct2025 00:00:01.394] [Server thread/WARN] [net.minecraft.server.network.ServerGamePacketListenerImpl/]: Ice Dragon (vehicle of C0LIGAMES) moved too quickly! 15.199755394896101,0.0,2.840938259095026
[04Oct2025 00:00:01.447] [Server thread/WARN] [net.minecraft.server.network.ServerGamePacketListenerImpl/]: Ice Dragon (vehicle of C0LIGAMES) moved too quickly! 15.196471830579412,0.0,2.8581383695370732
[04Oct2025 00:00:01.514] [Server thread/WARN] [net.minecraft.server.network.ServerGamePacketListenerImpl/]: Ice Dragon (vehicle of C0LIGAMES) moved too quickly! 20.25980074305403,0.0,3.822120826258015
[04Oct2025 00:00:01.994] [Server thread/WARN] [net.minecraft.server.network.ServerGamePacketListenerImpl/]: Ice Dragon (vehicle of C0LIGAMES) moved too quickly! 10.074044827406851,0.0,2.1760379846580804
[04Oct2025 00:00:02.074] [Server thread/WARN] [net.minecraft.server.network.ServerGamePacketListenerImpl/]: Ice Dragon (vehicle of C0LIGAMES) moved too quickly! 10.068194866856857,0.0,2.20294631587808
[04Oct2025 00:00:02.120] [Server thread/WARN] [net.minecraft.server.network.ServerGamePacketListenerImpl/]: Ice Dragon (vehicle of C0LIGAMES) moved too quickly! 15.098503428173899,0.0,3.32184732223584
[04Oct2025 00:00:02.204] [Server thread/WARN] [net.minecraft.server.network.ServerGamePacketListenerImpl/]: Ice Dragon (vehicle of C0LIGAMES) moved too quickly! 10.05447054954584,0.0,2.2660746862006818
[04Oct2025 00:00:03.144] [Server thread/WARN] [net.minecraft.server.network.ServerGamePacketListenerImpl/]: Ice Dragon (vehicle of C0LIGAMES) moved too quickly! 10.02759509917928,0.0,2.3898438036414404
[04Oct2025 00:00:03.288] [Server thread/WARN] [net.minecraft.server.network.ServerGamePacketListenerImpl/]: Ice Dragon (vehicle of C0LIGAMES) moved too quickly! 10.029749427137176,0.0,2.3806747133104977
[04Oct2025 00:00:03.289] [Server thread/WARN] [net.minecraft.server.network.ServerGamePacketListenerImpl/]: Ice Dragon (vehicle of C0LIGAMES) moved too quickly! 15.048347457991213,0.0,3.554742712787686
[04Oct2025 00:00:03.432] [Server thread/WARN] [net.minecraft.server.network.ServerGamePacketListenerImpl/]: Ice Dragon (vehicle of C0LIGAMES) moved too quickly! -10.039517998641486,0.0,-2.337439070785763
[04Oct2025 00:00:03.432] [Server thread/WARN] [net.minecraft.server.network.ServerGamePacketListenerImpl/]: Ice Dragon (vehicle of C0LIGAMES) moved too quickly! -10.039517998641486,0.0,-2.337439070785763
[04Oct2025 00:00:03.480] [Server thread/WARN] [net.minecraft.server.network.ServerGamePacketListenerImpl/]: Ice Dragon (vehicle of C0LIGAMES) moved too quickly! -10.038908494527277,0.0,-2.3398214701177835
[04Oct2025 00:00:03.850] [Server thread/WARN] [net.minecraft.server.network.ServerGamePacketListenerImpl/]: Ice Dragon (vehicle of C0LIGAMES) moved too quickly! 10.06032279259648,0.0,2.243784299686979
[04Oct2025 00:00:03.911] [Server thread/WARN] [net.minecraft.server.network.ServerGamePacketListenerImpl/]: Ice Dragon (vehicle of C0LIGAMES) moved too quickly! 10.054201755658369,0.0,2.2704607680459503
[04Oct2025 00:00:03.944] [Server thread/WARN] [net.minecraft.server.network.ServerGamePacketListenerImpl/]: Ice Dragon (vehicle of C0LIGAMES) moved too quickly! 15.075890799078934,0.0,3.4287276611509583
[04Oct2025 00:00:04.654] [Server thread/WARN] [net.minecraft.server.network.ServerGamePacketListenerImpl/]: Ice Dragon (vehicle of C0LIGAMES) moved too quickly! 9.931697727808114,0.0,2.7499218646967734
[04Oct2025 00:00:04.721] [Server thread/WARN] [net.minecraft.server.network.ServerGamePacketListenerImpl/]: Ice Dragon (vehicle of C0LIGAMES) moved too quickly! 9.932282916693794,0.0,2.7492556305139146
[04Oct2025 00:00:04.745] [Server thread/WARN] [net.minecraft.server.network.ServerGamePacketListenerImpl/]: Ice Dragon (vehicle of C0LIGAMES) moved too quickly! 14.899430539154991,0.0,4.121181784432395
[04Oct2025 00:00:04.802] [Server thread/WARN] [net.minecraft.server.network.ServerGamePacketListenerImpl/]: Ice Dragon (vehicle of C0LIGAMES) moved too quickly! 19.867144528629524,0.0,5.4915871806120435
[04Oct2025 00:00:04.987] [Server thread/WARN] [net.minecraft.server.network.ServerGamePacketListenerImpl/]: Ice Dragon (vehicle of C0LIGAMES) moved too quickly! -9.934528630115892,0.0,-2.745967813291884
[04Oct2025 00:00:05.099] [Server thread/WARN] [net.minecraft.server.network.ServerGamePacketListenerImpl/]: Ice Dragon (vehicle of C0LIGAMES) moved too quickly! 9.947130560502728,0.0,2.7003533550064844
[04Oct2025 00:00:05.245] [Server thread/WARN] [net.minecraft.server.network.ServerGamePacketListenerImpl/]: Ice Dragon (vehicle of C0LIGAMES) moved too quickly! -9.953599908546948,0.0,-2.674266664088549
[04Oct2025 00:00:06.239] [Server thread/INFO] [net.minecraft.server.MinecraftServer/]: [C0LIGAMES: Kicked joaocover: Kicked by an operator]
[04Oct2025 00:00:06.274] [Server thread/INFO] [net.minecraft.server.network.ServerGamePacketListenerImpl/]: joaocover lost connection: Kicked by an operator
[04Oct2025 00:00:06.274] [Server thread/INFO] [net.minecraft.server.MinecraftServer/]: joaocover left the game
[04Oct2025 00:00:06.274] [Server thread/INFO] [voicechat/]: [voicechat] Disconnecting client joaocover
[04Oct2025 00:00:07.103] [Server thread/WARN] [net.minecraft.server.network.ServerGamePacketListenerImpl/]: Ice Dragon (vehicle of C0LIGAMES) moved too quickly! 9.784844210344772,0.0,2.142495720249997
[04Oct2025 00:00:07.103] [Server thread/WARN] [net.minecraft.server.network.ServerGamePacketListenerImpl/]: Ice Dragon (vehicle of C0LIGAMES) moved too quickly! 13.447794294071628,0.0,2.9432432974345204
[04Oct2025 00:00:07.103] [Server thread/WARN] [net.minecraft.server.network.ServerGamePacketListenerImpl/]: Ice Dragon (vehicle of C0LIGAMES) moved too quickly! 17.27279623540676,0.0,3.778951235499619
[04Oct2025 00:00:07.103] [Server thread/WARN] [net.minecraft.server.network.ServerGamePacketListenerImpl/]: Ice Dragon (vehicle of C0LIGAMES) moved too quickly! 21.240727915152547,0.0,4.645494211861376
[04Oct2025 00:00:07.104] [Server thread/WARN] [net.minecraft.server.network.ServerGamePacketListenerImpl/]: Ice Dragon (vehicle of C0LIGAMES) moved too quickly! 25.334723624176604,0.0,5.539233692000778
[04Oct2025 00:00:07.157] [Server thread/WARN] [net.minecraft.server.network.ServerGamePacketListenerImpl/]: Ice Dragon (vehicle of C0LIGAMES) moved too quickly! 23.23428141554382,0.0,5.0755747480363596
[04Oct2025 00:00:07.195] [Server thread/WARN] [net.minecraft.server.network.ServerGamePacketListenerImpl/]: Ice Dragon (vehicle of C0LIGAMES) moved too quickly! 27.537533832303325,0.0,6.014458357512382
[04Oct2025 00:00:21.406] [Server thread/ERROR] [net.minecraft.Util/]: Invalid entity rotation: NaN, discarding.
[04Oct2025 00:00:21.504] [Server thread/ERROR] [net.minecraft.Util/]: Invalid entity rotation: NaN, discarding.
[04Oct2025 00:00:21.604] [Server thread/ERROR] [net.minecraft.Util/]: Invalid entity rotation: NaN, discarding.
[04Oct2025 00:00:21.702] [Server thread/ERROR] [net.minecraft.Util/]: Invalid entity rotation: NaN, discarding.
[04Oct2025 00:00:21.806] [Server thread/ERROR] [net.minecraft.Util/]: Invalid entity rotation: NaN, discarding.
[04Oct2025 00:00:21.904] [Server thread/ERROR] [net.minecraft.Util/]: Invalid entity rotation: NaN, discarding.
[04Oct2025 00:00:22.007] [Server thread/ERROR] [net.minecraft.Util/]: Invalid entity rotation: NaN, discarding.
[04Oct2025 00:00:22.102] [Server thread/ERROR] [net.minecraft.Util/]: Invalid entity rotation: NaN, discarding.
[04Oct2025 00:00:22.204] [Server thread/ERROR] [net.minecraft.Util/]: Invalid entity rotation: NaN, discarding.
[04Oct2025 00:00:22.302] [Server thread/ERROR] [net.minecraft.Util/]: Invalid entity rotation: NaN, discarding.
[04Oct2025 00:00:22.404] [Server thread/ERROR] [net.minecraft.Util/]: Invalid entity rotation: NaN, discarding.
[04Oct2025 00:00:22.505] [Server thread/ERROR] [net.minecraft.Util/]: Invalid entity rotation: NaN, discarding.
[04Oct2025 00:00:22.602] [Server thread/ERROR] [net.minecraft.Util/]: Invalid entity rotation: NaN, discarding.
[04Oct2025 00:00:22.702] [Server thread/ERROR] [net.minecraft.Util/]: Invalid entity rotation: NaN, discarding.
[04Oct2025 00:00:22.807] [Server thread/ERROR] [net.minecraft.Util/]: Invalid entity rotation: NaN, discarding.
[04Oct2025 00:00:22.906] [Server thread/ERROR] [net.minecraft.Util/]: Invalid entity rotation: NaN, discarding.
[04Oct2025 00:00:23.001] [Server thread/ERROR] [net.minecraft.Util/]: Invalid entity rotation: NaN, discarding.
[04Oct2025 00:00:23.101] [Server thread/ERROR] [net.minecraft.Util/]: Invalid entity rotation: NaN, discarding.
[04Oct2025 00:00:23.201] [Server thread/ERROR] [net.minecraft.Util/]: Invalid entity rotation: NaN, discarding.
[04Oct2025 00:00:23.307] [Server thread/ERROR] [net.minecraft.Util/]: Invalid entity rotation: NaN, discarding.
[04Oct2025 00:00:23.416] [Server thread/ERROR] [net.minecraft.Util/]: Invalid entity rotation: NaN, discarding.
[04Oct2025 00:00:23.504] [Server thread/ERROR] [net.minecraft.Util/]: Invalid entity rotation: NaN, discarding.
[04Oct2025 00:00:23.608] [Server thread/ERROR] [net.minecraft.Util/]: Invalid entity rotation: NaN, discarding.
[04Oct2025 00:00:26.675] [Server thread/WARN] [net.minecraft.server.network.ServerGamePacketListenerImpl/]: Ice Dragon (vehicle of C0LIGAMES) moved wrongly! 0.740611325094136
[04Oct2025 00:00:26.723] [Server thread/WARN] [net.minecraft.server.network.ServerGamePacketListenerImpl/]: Ice Dragon (vehicle of C0LIGAMES) moved wrongly! 0.7972122782615259
[04Oct2025 00:00:26.772] [Server thread/WARN] [net.minecraft.server.network.ServerGamePacketListenerImpl/]: Ice Dragon (vehicle of C0LIGAMES) moved wrongly! 1.8779460400027403
[04Oct2025 00:00:26.819] [Server thread/WARN] [net.minecraft.server.network.ServerGamePacketListenerImpl/]: Ice Dragon (vehicle of C0LIGAMES) moved too quickly! 12.658925091929405,0.0,4.268593106011252
[04Oct2025 00:00:26.864] [Server thread/WARN] [net.minecraft.server.network.ServerGamePacketListenerImpl/]: Ice Dragon (vehicle of C0LIGAMES) moved wrongly! 0.8322148515634069
[04Oct2025 00:00:26.918] [Server thread/WARN] [net.minecraft.server.network.ServerGamePacketListenerImpl/]: Ice Dragon (vehicle of C0LIGAMES) moved wrongly! 0.4371857849912999
[04Oct2025 00:00:41.596] [Server thread/INFO] [net.minecraft.server.players.PlayerList/]: joaocover[/127.235.255.103:48613] logged in with entity id 1953251 at (889.5067603902652, 69.24918707874468, 858.4877501047024)
[04Oct2025 00:00:41.603] [Server thread/INFO] [net.minecraft.server.MinecraftServer/]: joaocover joined the game
[04Oct2025 00:00:41.629] [Server thread/INFO] [Jade/]: Syncing config to joaocover (ba6ea7b9-8bb3-371d-8923-eb438ff0b8bd)
[04Oct2025 00:00:42.533] [Server thread/INFO] [voicechat/]: [voicechat] Received secret request of joaocover (20)
[04Oct2025 00:00:42.535] [Server thread/INFO] [voicechat/]: [voicechat] Sent secret to joaocover
[04Oct2025 00:00:43.340] [VoiceChatPacketProcessingThread/INFO] [voicechat/]: [voicechat] Successfully authenticated player ba6ea7b9-8bb3-371d-8923-eb438ff0b8bd
[04Oct2025 00:00:44.682] [Server thread/WARN] [net.minecraft.server.network.ServerGamePacketListenerImpl/]: Ice Dragon (vehicle of C0LIGAMES) moved wrongly! 0.4305218282881924
[04Oct2025 00:00:44.728] [Server thread/WARN] [net.minecraft.server.network.ServerGamePacketListenerImpl/]: Ice Dragon (vehicle of C0LIGAMES) moved wrongly! 1.455483669257319
[04Oct2025 00:00:44.789] [Server thread/WARN] [net.minecraft.server.network.ServerGamePacketListenerImpl/]: Ice Dragon (vehicle of C0LIGAMES) moved wrongly! 2.3595000129921573
[04Oct2025 00:00:44.832] [Server thread/WARN] [net.minecraft.server.network.ServerGamePacketListenerImpl/]: Ice Dragon (vehicle of C0LIGAMES) moved wrongly! 3.156842428166101
[04Oct2025 00:00:45.343] [VoiceChatPacketProcessingThread/INFO] [voicechat/]: [voicechat] Successfully validated connection of player ba6ea7b9-8bb3-371d-8923-eb438ff0b8bd
[04Oct2025 00:00:45.343] [VoiceChatPacketProcessingThread/INFO] [voicechat/]: [voicechat] Player joaocover (ba6ea7b9-8bb3-371d-8923-eb438ff0b8bd) successfully connected to voice chat
[04Oct2025 00:00:48.072] [Server thread/WARN] [net.minecraft.server.network.ServerGamePacketListenerImpl/]: Ice Dragon (vehicle of C0LIGAMES) moved wrongly! 0.40687988109561957
[04Oct2025 00:00:48.122] [Server thread/WARN] [net.minecraft.server.network.ServerGamePacketListenerImpl/]: Ice Dragon (vehicle of C0LIGAMES) moved wrongly! 0.6112791962743813
[04Oct2025 00:00:48.176] [Server thread/WARN] [net.minecraft.server.network.ServerGamePacketListenerImpl/]: Ice Dragon (vehicle of C0LIGAMES) moved wrongly! 0.67355939226195
[04Oct2025 00:00:48.224] [Server thread/WARN] [net.minecraft.server.network.ServerGamePacketListenerImpl/]: Ice Dragon (vehicle of C0LIGAMES) moved wrongly! 0.6104905251229411
[04Oct2025 00:00:57.575] [Server thread/INFO] [net.minecraft.server.MinecraftServer/]: [C0LIGAMES: Kicked joaocover: Kicked by an operator]
[04Oct2025 00:00:57.623] [Server thread/INFO] [net.minecraft.server.network.ServerGamePacketListenerImpl/]: joaocover lost connection: Kicked by an operator
[04Oct2025 00:00:57.624] [Server thread/INFO] [net.minecraft.server.MinecraftServer/]: joaocover left the game
[04Oct2025 00:00:57.624] [Server thread/INFO] [voicechat/]: [voicechat] Disconnecting client joaocover
[04Oct2025 00:01:02.965] [Server thread/INFO] [net.minecraft.server.network.ServerLoginPacketListenerImpl/]: com.mojang.authlib.GameProfile@4667bccc[id=<null>,name=joaocover,properties={},legacy=false] (/127.235.255.103:45705) lost connection: Disconnected
[04Oct2025 00:01:07.378] [Server thread/INFO] [net.minecraft.server.players.PlayerList/]: joaocover[/127.235.255.103:60777] logged in with entity id 1975685 at (887.5583022699259, 71.0, 857.1388316042909)
[04Oct2025 00:01:07.385] [Server thread/INFO] [net.minecraft.server.MinecraftServer/]: joaocover joined the game
[04Oct2025 00:01:07.414] [Server thread/INFO] [Jade/]: Syncing config to joaocover (ba6ea7b9-8bb3-371d-8923-eb438ff0b8bd)
[04Oct2025 00:01:08.213] [Server thread/INFO] [voicechat/]: [voicechat] Received secret request of joaocover (20)
[04Oct2025 00:01:08.214] [Server thread/INFO] [voicechat/]: [voicechat] Sent secret to joaocover
[04Oct2025 00:01:09.053] [VoiceChatPacketProcessingThread/INFO] [voicechat/]: [voicechat] Successfully authenticated player ba6ea7b9-8bb3-371d-8923-eb438ff0b8bd
[04Oct2025 00:01:11.051] [VoiceChatPacketProcessingThread/INFO] [voicechat/]: [voicechat] Successfully validated connection of player ba6ea7b9-8bb3-371d-8923-eb438ff0b8bd
[04Oct2025 00:01:11.052] [VoiceChatPacketProcessingThread/INFO] [voicechat/]: [voicechat] Player joaocover (ba6ea7b9-8bb3-371d-8923-eb438ff0b8bd) successfully connected to voice chat
[04Oct2025 00:01:16.829] [Server thread/WARN] [net.minecraft.world.level.chunk.storage.ChunkSerializer/]: Found reference to unknown structure 'grotesque_steve:mineshaft' in chunk [78, 40], discarding
[04Oct2025 00:01:16.903] [Server thread/WARN] [net.minecraft.world.level.chunk.storage.ChunkSerializer/]: Found reference to unknown structure 'grotesque_steve:mineshaft' in chunk [79, 40], discarding
[04Oct2025 00:01:16.904] [Server thread/WARN] [net.minecraft.world.level.chunk.storage.ChunkSerializer/]: Found reference to unknown structure 'grotesque_steve:mineshaft' in chunk [79, 41], discarding
[04Oct2025 00:01:19.100] [Server thread/INFO] [net.minecraft.server.MinecraftServer/]: [C0LIGAMES: Kicked joaocover: Kicked by an operator]
[04Oct2025 00:01:19.131] [Server thread/INFO] [net.minecraft.server.network.ServerGamePacketListenerImpl/]: joaocover lost connection: Kicked by an operator
[04Oct2025 00:01:19.132] [Server thread/INFO] [net.minecraft.server.MinecraftServer/]: joaocover left the game
[04Oct2025 00:01:19.132] [Server thread/INFO] [voicechat/]: [voicechat] Disconnecting client joaocover
[04Oct2025 00:01:24.792] [Server thread/INFO] [net.minecraft.server.players.PlayerList/]: joaocover[/127.235.255.103:51053] logged in with entity id 1991122 at (903.2458247096488, 69.1410888383006, 848.4838386264015)
[04Oct2025 00:01:24.800] [Server thread/INFO] [net.minecraft.server.MinecraftServer/]: joaocover joined the game
[04Oct2025 00:01:24.834] [Server thread/INFO] [Jade/]: Syncing config to joaocover (ba6ea7b9-8bb3-371d-8923-eb438ff0b8bd)
[04Oct2025 00:01:25.668] [Server thread/INFO] [voicechat/]: [voicechat] Received secret request of joaocover (20)
[04Oct2025 00:01:25.668] [Server thread/INFO] [voicechat/]: [voicechat] Sent secret to joaocover
[04Oct2025 00:01:26.444] [VoiceChatPacketProcessingThread/INFO] [voicechat/]: [voicechat] Successfully authenticated player ba6ea7b9-8bb3-371d-8923-eb438ff0b8bd
[04Oct2025 00:01:28.446] [VoiceChatPacketProcessingThread/INFO] [voicechat/]: [voicechat] Successfully validated connection of player ba6ea7b9-8bb3-371d-8923-eb438ff0b8bd
[04Oct2025 00:01:28.446] [VoiceChatPacketProcessingThread/INFO] [voicechat/]: [voicechat] Player joaocover (ba6ea7b9-8bb3-371d-8923-eb438ff0b8bd) successfully connected to voice chat
[04Oct2025 00:01:34.776] [Server thread/INFO] [net.minecraft.server.MinecraftServer/]: [Not Secure] <joaocover> XD
[04Oct2025 00:01:55.525] [Server thread/INFO] [net.minecraft.server.MinecraftServer/]: [C0LIGAMES: Kicked joaocover: Kicked by an operator]
[04Oct2025 00:01:55.572] [Server thread/INFO] [net.minecraft.server.network.ServerGamePacketListenerImpl/]: joaocover lost connection: Kicked by an operator
[04Oct2025 00:01:55.572] [Server thread/INFO] [net.minecraft.server.MinecraftServer/]: joaocover left the game
[04Oct2025 00:01:55.572] [Server thread/INFO] [voicechat/]: [voicechat] Disconnecting client joaocover
[04Oct2025 00:02:01.280] [Server thread/INFO] [net.minecraft.server.players.PlayerList/]: joaocover[/127.235.255.103:50539] logged in with entity id 2027054 at (888.8805648005681, 70.0, 853.5285789038762)
[04Oct2025 00:02:01.287] [Server thread/INFO] [net.minecraft.server.MinecraftServer/]: joaocover joined the game
[04Oct2025 00:02:01.314] [Server thread/INFO] [Jade/]: Syncing config to joaocover (ba6ea7b9-8bb3-371d-8923-eb438ff0b8bd)
[04Oct2025 00:02:02.110] [Server thread/INFO] [voicechat/]: [voicechat] Received secret request of joaocover (20)
[04Oct2025 00:02:02.110] [Server thread/INFO] [voicechat/]: [voicechat] Sent secret to joaocover
[04Oct2025 00:02:02.942] [VoiceChatPacketProcessingThread/INFO] [voicechat/]: [voicechat] Successfully authenticated player ba6ea7b9-8bb3-371d-8923-eb438ff0b8bd
[04Oct2025 00:02:04.946] [VoiceChatPacketProcessingThread/INFO] [voicechat/]: [voicechat] Successfully validated connection of player ba6ea7b9-8bb3-371d-8923-eb438ff0b8bd
[04Oct2025 00:02:04.946] [VoiceChatPacketProcessingThread/INFO] [voicechat/]: [voicechat] Player joaocover (ba6ea7b9-8bb3-371d-8923-eb438ff0b8bd) successfully connected to voice chat
[04Oct2025 00:02:18.449] [Server thread/WARN] [net.minecraft.world.level.chunk.storage.ChunkSerializer/]: Found reference to unknown structure 'grotesque_steve:mineshaft' in chunk [78, 40], discarding
[04Oct2025 00:02:18.470] [Server thread/WARN] [net.minecraft.world.level.chunk.storage.ChunkSerializer/]: Found reference to unknown structure 'grotesque_steve:mineshaft' in chunk [79, 40], discarding
[04Oct2025 00:02:18.471] [Server thread/WARN] [net.minecraft.world.level.chunk.storage.ChunkSerializer/]: Found reference to unknown structure 'grotesque_steve:mineshaft' in chunk [79, 41], discarding
[04Oct2025 00:03:24.528] [Server thread/INFO] [net.minecraft.world.entity.npc.Villager/]: Villager VillagerEntityMCA['Zlatan'/1929120, l='ServerLevel[world]', x=1342.72, y=64.04, z=-219.72] died, message: 'Zlatan was slain by C0LIGAMES'
[04Oct2025 00:03:24.529] [Server thread/INFO] [net.minecraft.world.entity.LivingEntity/]: Named entity VillagerEntityMCA['Zlatan'/1929120, l='ServerLevel[world]', x=1342.72, y=64.04, z=-219.72] died: Zlatan was slain by C0LIGAMES
[04Oct2025 00:03:28.333] [Server thread/INFO] [net.minecraft.world.entity.npc.Villager/]: Villager VillagerEntityMCA['Bla탑'/1929122, l='ServerLevel[world]', x=1342.51, y=62.00, z=-219.30] died, message: 'Bla탑 was slain by C0LIGAMES'
[04Oct2025 00:03:28.334] [Server thread/INFO] [net.minecraft.world.entity.LivingEntity/]: Named entity VillagerEntityMCA['Bla탑'/1929122, l='ServerLevel[world]', x=1342.51, y=62.00, z=-219.30] died: Bla탑 was slain by C0LIGAMES
[04Oct2025 00:03:31.424] [Server thread/INFO] [net.minecraft.world.entity.npc.Villager/]: Villager VillagerEntityMCA['Janja'/1929121, l='ServerLevel[world]', x=1342.71, y=64.10, z=-219.71] died, message: 'Janja was slain by C0LIGAMES'
[04Oct2025 00:03:31.425] [Server thread/INFO] [net.minecraft.world.entity.LivingEntity/]: Named entity VillagerEntityMCA['Janja'/1929121, l='ServerLevel[world]', x=1342.71, y=64.10, z=-219.71] died: Janja was slain by C0LIGAMES
[04Oct2025 00:03:58.370] [Server thread/INFO] [net.minecraft.world.entity.npc.Villager/]: Villager VillagerEntityMCA['Ludvik'/1929180, l='ServerLevel[world]', x=1347.07, y=65.77, z=-216.88] died, message: 'Ludvik was shot by C0LIGAMES'
[04Oct2025 00:03:58.371] [Server thread/INFO] [net.minecraft.world.entity.LivingEntity/]: Named entity VillagerEntityMCA['Ludvik'/1929180, l='ServerLevel[world]', x=1347.07, y=65.77, z=-216.88] died: Ludvik was shot by C0LIGAMES
[04Oct2025 00:04:05.672] [Server thread/WARN] [net.minecraft.server.network.ServerGamePacketListenerImpl/]: C0LIGAMES moved wrongly!
[04Oct2025 00:05:00.891] [Server thread/WARN] [net.minecraft.server.MinecraftServer/]: Can't keep up! Is the server overloaded? Running 2352ms or 47 ticks behind
[04Oct2025 00:05:49.533] [Server thread/WARN] [net.minecraft.world.level.chunk.storage.ChunkSerializer/]: Found reference to unknown structure 'grotesque_steve:mineshaft' in chunk [81, 17], discarding
[04Oct2025 00:05:49.535] [Server thread/WARN] [net.minecraft.world.level.chunk.storage.ChunkSerializer/]: Found reference to unknown structure 'grotesque_steve:mineshaft' in chunk [80, 17], discarding
[04Oct2025 00:05:51.616] [Server thread/WARN] [net.minecraft.world.level.chunk.storage.ChunkSerializer/]: Found reference to unknown structure 'grotesque_steve:mineshaft' in chunk [77, 18], discarding
[04Oct2025 00:05:51.622] [Server thread/WARN] [net.minecraft.world.level.chunk.storage.ChunkSerializer/]: Found reference to unknown structure 'grotesque_steve:mineshaft' in chunk [80, 18], discarding
[04Oct2025 00:06:02.706] [Server thread/WARN] [net.minecraft.world.level.chunk.storage.ChunkSerializer/]: Found reference to unknown structure 'grotesque_steve:mineshaft' in chunk [77, 19], discarding
[04Oct2025 00:06:04.691] [Server thread/WARN] [net.minecraft.world.level.chunk.storage.ChunkSerializer/]: Found reference to unknown structure 'grotesque_steve:mineshaft' in chunk [77, 20], discarding
[04Oct2025 00:06:04.693] [Server thread/WARN] [net.minecraft.world.level.chunk.storage.ChunkSerializer/]: Found reference to unknown structure 'grotesque_steve:mineshaft' in chunk [80, 20], discarding
[04Oct2025 00:06:04.695] [Server thread/WARN] [net.minecraft.world.level.chunk.storage.ChunkSerializer/]: Found reference to unknown structure 'grotesque_steve:mineshaft' in chunk [81, 20], discarding
[04Oct2025 00:07:30.325] [Server thread/INFO] [net.minecraft.server.network.ServerGamePacketListenerImpl/]: UnMarshelo lost connection: Disconnected
[04Oct2025 00:07:30.326] [Server thread/INFO] [net.minecraft.server.MinecraftServer/]: UnMarshelo left the game
[04Oct2025 00:07:30.326] [Server thread/INFO] [voicechat/]: [voicechat] Disconnecting client UnMarshelo
[04Oct2025 00:07:41.370] [Server thread/INFO] [net.minecraft.server.MinecraftServer/]: [C0LIGAMES: Kicked joaocover: Kicked by an operator]
[04Oct2025 00:07:41.416] [Server thread/INFO] [net.minecraft.server.network.ServerGamePacketListenerImpl/]: joaocover lost connection: Kicked by an operator
[04Oct2025 00:07:41.416] [Server thread/INFO] [net.minecraft.server.MinecraftServer/]: joaocover left the game
[04Oct2025 00:07:41.417] [Server thread/INFO] [voicechat/]: [voicechat] Disconnecting client joaocover
[04Oct2025 00:07:58.353] [Server thread/INFO] [net.minecraft.server.network.ServerLoginPacketListenerImpl/]: com.mojang.authlib.GameProfile@790cbbe4[id=<null>,name=joaocover,properties={},legacy=false] (/127.235.255.103:43137) lost connection: Disconnected
[04Oct2025 00:08:03.955] [Server thread/INFO] [net.minecraft.server.network.ServerLoginPacketListenerImpl/]: com.mojang.authlib.GameProfile@6c868307[id=<null>,name=joaocover,properties={},legacy=false] (/127.235.255.103:51981) lost connection: Disconnected
[04Oct2025 00:08:08.173] [Server thread/INFO] [net.minecraft.server.players.PlayerList/]: joaocover[/127.235.255.103:50953] logged in with entity id 2374711 at (891.7945264256083, 108.0, 861.0417431152197)
[04Oct2025 00:08:08.181] [Server thread/INFO] [net.minecraft.server.MinecraftServer/]: joaocover joined the game
[04Oct2025 00:08:08.209] [Server thread/INFO] [Jade/]: Syncing config to joaocover (ba6ea7b9-8bb3-371d-8923-eb438ff0b8bd)
[04Oct2025 00:08:09.173] [Server thread/INFO] [voicechat/]: [voicechat] Received secret request of joaocover (20)
[04Oct2025 00:08:09.173] [Server thread/INFO] [voicechat/]: [voicechat] Sent secret to joaocover
[04Oct2025 00:08:10.136] [VoiceChatPacketProcessingThread/INFO] [voicechat/]: [voicechat] Successfully authenticated player ba6ea7b9-8bb3-371d-8923-eb438ff0b8bd
[04Oct2025 00:08:12.136] [VoiceChatPacketProcessingThread/INFO] [voicechat/]: [voicechat] Successfully validated connection of player ba6ea7b9-8bb3-371d-8923-eb438ff0b8bd
[04Oct2025 00:08:12.137] [VoiceChatPacketProcessingThread/INFO] [voicechat/]: [voicechat] Player joaocover (ba6ea7b9-8bb3-371d-8923-eb438ff0b8bd) successfully connected to voice chat
[04Oct2025 00:08:13.934] [Server thread/INFO] [net.minecraft.server.MinecraftServer/]: [Not Secure] <joaocover> HOLAS
[04Oct2025 00:08:17.471] [Server thread/WARN] [net.minecraft.server.PlayerAdvancements/]: Ignored advancement 'majruszsdifficulty:game_stage_normal' in progress file ./world/advancements/ab320924-d47c-317b-98ef-e9c792c618f4.json - it doesn't exist anymore?
[04Oct2025 00:08:17.471] [Server thread/WARN] [net.minecraft.server.PlayerAdvancements/]: Ignored advancement 'majruszsdifficulty:game_stage_expert' in progress file ./world/advancements/ab320924-d47c-317b-98ef-e9c792c618f4.json - it doesn't exist anymore?
[04Oct2025 00:08:17.501] [Server thread/INFO] [net.minecraft.server.players.PlayerList/]: nachopachomazo[/127.140.107.0:40973] logged in with entity id 2383137 at (0.5, 67.0, 5.5)
[04Oct2025 00:08:17.509] [Server thread/INFO] [net.minecraft.server.MinecraftServer/]: nachopachomazo joined the game
[04Oct2025 00:08:17.569] [Server thread/INFO] [Jade/]: Syncing config to nachopachomazo (ab320924-d47c-317b-98ef-e9c792c618f4)
[04Oct2025 00:08:19.287] [Server thread/INFO] [voicechat/]: [voicechat] Received secret request of nachopachomazo (20)
[04Oct2025 00:08:19.288] [Server thread/INFO] [voicechat/]: [voicechat] Sent secret to nachopachomazo
[04Oct2025 00:08:26.937] [VoiceChatPacketProcessingThread/INFO] [voicechat/]: [voicechat] Successfully authenticated player ab320924-d47c-317b-98ef-e9c792c618f4
[04Oct2025 00:08:27.334] [Server thread/WARN] [net.minecraft.world.level.chunk.storage.ChunkSerializer/]: Found reference to unknown structure 'grotesque_steve:mineshaft' in chunk [78, 40], discarding
[04Oct2025 00:08:27.420] [Server thread/WARN] [net.minecraft.world.level.chunk.storage.ChunkSerializer/]: Found reference to unknown structure 'grotesque_steve:mineshaft' in chunk [79, 40], discarding
[04Oct2025 00:08:27.421] [Server thread/WARN] [net.minecraft.world.level.chunk.storage.ChunkSerializer/]: Found reference to unknown structure 'grotesque_steve:mineshaft' in chunk [79, 41], discarding
[04Oct2025 00:08:28.933] [VoiceChatPacketProcessingThread/INFO] [voicechat/]: [voicechat] Successfully validated connection of player ab320924-d47c-317b-98ef-e9c792c618f4
[04Oct2025 00:08:28.933] [VoiceChatPacketProcessingThread/INFO] [voicechat/]: [voicechat] Player nachopachomazo (ab320924-d47c-317b-98ef-e9c792c618f4) successfully connected to voice chat
[04Oct2025 00:09:35.011] [Server thread/INFO] [net.minecraft.server.MinecraftServer/]: C0LIGAMES has made the advancement [Eye Spy]
[04Oct2025 00:09:48.577] [Server thread/WARN] [Scaling Health/]: Another mod seems to have canceled healing from a heart container (player literal{C0LIGAMES})
[04Oct2025 00:10:21.350] [Server thread/WARN] [net.minecraft.server.MinecraftServer/]: Can't keep up! Is the server overloaded? Running 10761ms or 215 ticks behind
[04Oct2025 00:10:21.417] [Server thread/WARN] [net.minecraft.server.level.ServerPlayerGameMode/]: Mismatch in destroy block pos: BlockPos{x=0, y=0, z=0} BlockPos{x=1, y=66, z=2}
[04Oct2025 00:10:21.419] [Server thread/WARN] [net.minecraft.server.level.ServerPlayerGameMode/]: Mismatch in destroy block pos: BlockPos{x=0, y=0, z=0} BlockPos{x=1, y=66, z=1}
[04Oct2025 00:10:21.444] [Server thread/WARN] [net.minecraft.server.network.ServerGamePacketListenerImpl/]: nachopachomazo moved too quickly! -2.150022281187425,1.0,-9.893776788024176
[04Oct2025 00:10:25.232] [Server thread/INFO] [net.minecraft.server.MinecraftServer/]: nachopachomazo has made the advancement [Minecraft Comes Alive]
[04Oct2025 00:10:34.903] [Server thread/INFO] [net.minecraft.server.MinecraftServer/]: [Not Secure] <C0LIGAMES> BUENAS CARLITOS
[04Oct2025 00:10:37.783] [Server thread/INFO] [net.minecraft.server.MinecraftServer/]: joaocover fell from a high place
[04Oct2025 00:10:37.787] [Server thread/INFO] [com.tiviacz.travelersbackpack.TravelersBackpack/]: Created new backpack backup file for joaocover with unique ID travelersbackpack.bat_04.10.2025-00.10.37.dat
[04Oct2025 00:10:38.970] [Server thread/INFO] [Scaling Health/]: Player lost 0.00 heart crystal(s)
[04Oct2025 00:10:38.970] [Server thread/INFO] [Scaling Health/]: Player lost 0.00 difficulty
[04Oct2025 00:10:39.008] [Server thread/INFO] [net.minecraft.server.MinecraftServer/]: nachopachomazo was killed by magic
[04Oct2025 00:10:40.038] [Server thread/INFO] [net.minecraft.server.MinecraftServer/]: [Not Secure] <C0LIGAMES> XD
[04Oct2025 00:10:40.639] [Server thread/WARN] [net.minecraft.world.level.chunk.storage.ChunkSerializer/]: Found reference to unknown structure 'grotesque_steve:mineshaft' in chunk [78, 40], discarding
[04Oct2025 00:10:40.726] [Server thread/WARN] [net.minecraft.world.level.chunk.storage.ChunkSerializer/]: Found reference to unknown structure 'grotesque_steve:mineshaft' in chunk [79, 40], discarding
[04Oct2025 00:10:40.727] [Server thread/WARN] [net.minecraft.world.level.chunk.storage.ChunkSerializer/]: Found reference to unknown structure 'grotesque_steve:mineshaft' in chunk [79, 41], discarding
[04Oct2025 00:10:42.037] [Server thread/INFO] [Scaling Health/]: Player lost 0.00 heart crystal(s)
[04Oct2025 00:10:42.037] [Server thread/INFO] [Scaling Health/]: Player lost -0.00 difficulty
[04Oct2025 00:10:42.238] [Server thread/INFO] [net.minecraft.server.MinecraftServer/]: [Not Secure] <C0LIGAMES> XD
[04Oct2025 00:10:54.397] [Server thread/INFO] [net.minecraft.server.MinecraftServer/]: nachopachomazo has made the advancement [Sweet Dreams]
[04Oct2025 00:10:58.082] [Server thread/INFO] [net.minecraft.server.MinecraftServer/]: nachopachomazo was killed by magic
[04Oct2025 00:11:00.735] [Server thread/INFO] [Scaling Health/]: Player lost 0.00 heart crystal(s)
[04Oct2025 00:11:00.735] [Server thread/INFO] [Scaling Health/]: Player lost 0.00 difficulty
[04Oct2025 00:11:03.887] [Server thread/INFO] [net.minecraft.server.MinecraftServer/]: nachopachomazo was killed by magic
[04Oct2025 00:11:04.723] [Server thread/INFO] [net.minecraft.server.MinecraftServer/]: Stopping server
[04Oct2025 00:11:04.724] [Server thread/INFO] [net.minecraft.server.MinecraftServer/]: Saving players
[04Oct2025 00:11:04.808] [Server thread/INFO] [net.minecraft.server.network.ServerGamePacketListenerImpl/]: joaocover lost connection: Server closed
[04Oct2025 00:11:04.808] [Server thread/INFO] [net.minecraft.server.MinecraftServer/]: joaocover left the game
[04Oct2025 00:11:04.835] [Server thread/INFO] [net.minecraft.server.MinecraftServer/]: Saving worlds
